20-Apr-2019 12:19:19.637 INFO [main] org.apache.catalina.startup.VersionLoggerListener.log Server version name:   Apache Tomcat/9.0.19
20-Apr-2019 12:19:19.638 INFO [main] org.apache.catalina.startup.VersionLoggerListener.log Server built:          Apr 12 2019 14:22:48 UTC
20-Apr-2019 12:19:19.639 INFO [main] org.apache.catalina.startup.VersionLoggerListener.log Server version number: 9.0.19.0
20-Apr-2019 12:19:19.639 INFO [main] org.apache.catalina.startup.VersionLoggerListener.log OS Name:               Windows 10
20-Apr-2019 12:19:19.640 INFO [main] org.apache.catalina.startup.VersionLoggerListener.log OS Version:            10.0
20-Apr-2019 12:19:19.640 INFO [main] org.apache.catalina.startup.VersionLoggerListener.log Architecture:          amd64
20-Apr-2019 12:19:19.640 INFO [main] org.apache.catalina.startup.VersionLoggerListener.log Java Home:             C:\Program Files\Java\jre1.8.0_211
20-Apr-2019 12:19:19.640 INFO [main] org.apache.catalina.startup.VersionLoggerListener.log JVM Version:           1.8.0_211-b12
20-Apr-2019 12:19:19.640 INFO [main] org.apache.catalina.startup.VersionLoggerListener.log JVM Vendor:            Oracle Corporation
20-Apr-2019 12:19:19.640 INFO [main] org.apache.catalina.startup.VersionLoggerListener.log CATALINA_BASE:         C:\Program Files\Apache Software Foundation\Tomcat 9.0
20-Apr-2019 12:19:19.640 INFO [main] org.apache.catalina.startup.VersionLoggerListener.log CATALINA_HOME:         C:\Program Files\Apache Software Foundation\Tomcat 9.0
20-Apr-2019 12:19:19.640 INFO [main] org.apache.catalina.startup.VersionLoggerListener.log Command line argument: -Dcatalina.home=C:\Program Files\Apache Software Foundation\Tomcat 9.0
20-Apr-2019 12:19:19.640 INFO [main] org.apache.catalina.startup.VersionLoggerListener.log Command line argument: -Dcatalina.base=C:\Program Files\Apache Software Foundation\Tomcat 9.0
20-Apr-2019 12:19:19.640 INFO [main] org.apache.catalina.startup.VersionLoggerListener.log Command line argument: -Djava.io.tmpdir=C:\Program Files\Apache Software Foundation\Tomcat 9.0\temp
20-Apr-2019 12:19:19.641 INFO [main] org.apache.catalina.startup.VersionLoggerListener.log Command line argument: -Djava.util.logging.manager=org.apache.juli.ClassLoaderLogManager
20-Apr-2019 12:19:19.641 INFO [main] org.apache.catalina.startup.VersionLoggerListener.log Command line argument: -Djava.util.logging.config.file=C:\Program Files\Apache Software Foundation\Tomcat 9.0\conf\logging.properties
20-Apr-2019 12:19:19.641 INFO [main] org.apache.catalina.startup.VersionLoggerListener.log Command line argument: exit
20-Apr-2019 12:19:19.641 INFO [main] org.apache.catalina.startup.VersionLoggerListener.log Command line argument: abort
20-Apr-2019 12:19:19.641 INFO [main] org.apache.catalina.startup.VersionLoggerListener.log Command line argument: -Xms128m
20-Apr-2019 12:19:19.641 INFO [main] org.apache.catalina.startup.VersionLoggerListener.log Command line argument: -Xmx256m
20-Apr-2019 12:19:19.641 INFO [main] org.apache.catalina.core.AprLifecycleListener.lifecycleEvent The APR based Apache Tomcat Native library which allows optimal performance in production environments was not found on the java.library.path: [C:\Program Files\Apache Software Foundation\Tomcat 9.0\bin;C:\Windows\Sun\Java\bin;C:\Windows\system32;C:\Windows;C:\Windows\system32;C:\Windows;C:\Windows\System32\Wbem;C:\Windows\System32\WindowsPowerShell\v1.0\;C:\Windows\System32\OpenSSH\;C:\Program Files (x86)\NVIDIA Corporation\PhysX\Common;C:\Program Files (x86)\Common Files\Oracle\Java\javapath;C:\Program Files (x86)\Yarn\bin\;C:\Program Files\Git\cmd;C:\Windows\system32\config\systemprofile\AppData\Local\Microsoft\WindowsApps;.]
20-Apr-2019 12:19:19.717 INFO [main] org.apache.coyote.AbstractProtocol.init Initializing ProtocolHandler ["http-nio-8080"]
20-Apr-2019 12:19:19.895 INFO [main] org.apache.coyote.AbstractProtocol.init Initializing ProtocolHandler ["ajp-nio-8009"]
20-Apr-2019 12:19:19.898 INFO [main] org.apache.catalina.startup.Catalina.load Server initialization in [487] milliseconds
20-Apr-2019 12:19:19.913 INFO [main] org.apache.catalina.core.StandardService.startInternal Starting service [Catalina]
20-Apr-2019 12:19:19.913 INFO [main] org.apache.catalina.core.StandardEngine.startInternal Starting Servlet engine: [Apache Tomcat/9.0.19]
20-Apr-2019 12:19:19.918 INFO [main] org.apache.catalina.startup.HostConfig.deployDirectory Установка веб приложения в папку [C:\Program Files\Apache Software Foundation\Tomcat 9.0\webapps\docs]
20-Apr-2019 12:19:20.072 INFO [main] org.apache.catalina.startup.HostConfig.deployDirectory Deployment of web application directory [C:\Program Files\Apache Software Foundation\Tomcat 9.0\webapps\docs] has finished in [153] ms
20-Apr-2019 12:19:20.072 INFO [main] org.apache.catalina.startup.HostConfig.deployDirectory Установка веб приложения в папку [C:\Program Files\Apache Software Foundation\Tomcat 9.0\webapps\manager]
20-Apr-2019 12:19:20.097 INFO [main] org.apache.catalina.startup.HostConfig.deployDirectory Deployment of web application directory [C:\Program Files\Apache Software Foundation\Tomcat 9.0\webapps\manager] has finished in [25] ms
20-Apr-2019 12:19:20.097 INFO [main] org.apache.catalina.startup.HostConfig.deployDirectory Установка веб приложения в папку [C:\Program Files\Apache Software Foundation\Tomcat 9.0\webapps\ROOT]
20-Apr-2019 12:19:20.112 INFO [main] org.apache.catalina.startup.HostConfig.deployDirectory Deployment of web application directory [C:\Program Files\Apache Software Foundation\Tomcat 9.0\webapps\ROOT] has finished in [14] ms
20-Apr-2019 12:19:20.114 INFO [main] org.apache.coyote.AbstractProtocol.start Starting ProtocolHandler ["http-nio-8080"]
20-Apr-2019 12:19:20.121 INFO [main] org.apache.coyote.AbstractProtocol.start Starting ProtocolHandler ["ajp-nio-8009"]
20-Apr-2019 12:19:20.123 INFO [main] org.apache.catalina.startup.Catalina.start Server startup in [224] milliseconds
20-Apr-2019 12:21:18.130 INFO [Thread-6] org.apache.coyote.AbstractProtocol.pause Pausing ProtocolHandler ["http-nio-8080"]
20-Apr-2019 12:21:18.257 INFO [Thread-6] org.apache.coyote.AbstractProtocol.pause Pausing ProtocolHandler ["ajp-nio-8009"]
20-Apr-2019 12:21:18.377 INFO [Thread-6] org.apache.catalina.core.StandardService.stopInternal Stopping service [Catalina]
20-Apr-2019 12:21:18.377 INFO [Thread-6] org.apache.coyote.AbstractProtocol.stop Stopping ProtocolHandler ["http-nio-8080"]
20-Apr-2019 12:21:18.377 INFO [Thread-6] org.apache.coyote.AbstractProtocol.stop Stopping ProtocolHandler ["ajp-nio-8009"]
20-Apr-2019 12:21:18.377 INFO [Thread-6] org.apache.coyote.AbstractProtocol.destroy Destroying ProtocolHandler ["http-nio-8080"]
20-Apr-2019 12:21:18.377 INFO [Thread-6] org.apache.coyote.AbstractProtocol.destroy Destroying ProtocolHandler ["ajp-nio-8009"]
